<?xml version="1.0" encoding="UTF-8"?>
<!-- Generated by org.testng.reporters.JUnitReportReporter -->
<testsuite hostname="FFPL-Naveen" failures="0" tests="1" name="qa.tests.Testcase2" time="5.552" errors="0" timestamp="2025-07-18T01:13:16 IST" skipped="0">
  <testcase classname="qa.tests.Testcase2" name="login" time="5.552">
    <system-out>
      <![CDATA[Invalid Sheet Name: Sheet
Value is: {}
Invalid Key UserName
Value is: null
Invalid Key Pwd
Value is: null]]>
    </system-out>
  </testcase> <!-- login -->
  <system-out>
    <![CDATA[Chrome Browser is Launched
Browser is maximized
Landed successfully on Home Page
Invalid Sheet Name: Sheet
Value is: {}
Invalid Key UserName
Value is: null
Invalid Key Pwd
Value is: null]]>
  </system-out>
</testsuite> <!-- qa.tests.Testcase2 -->
